#
# There is insufficient memory for the Java Runtime Environment to continue.
# Native memory allocation (malloc) failed to allocate 1333152 bytes for Chunk::new
# Possible reasons:
#   The system is out of physical RAM or swap space
#   The process is running with CompressedOops enabled, and the Java Heap may be blocking the growth of the native heap
# Possible solutions:
#   Reduce memory load on the system
#   Increase physical memory or swap space
#   Check if swap backing store is full
#   Decrease Java heap size (-Xmx/-Xms)
#   Decrease number of Java threads
#   Decrease Java thread stack sizes (-Xss)
#   Set larger code cache with -XX:ReservedCodeCacheSize=
#   JVM is running with Unscaled Compressed Oops mode in which the Java heap is
#     placed in the first 4GB address space. The Java Heap base address is the
#     maximum limit for the native heap growth. Please use -XX:HeapBaseMinAddress
#     to set the Java Heap base and to place the Java Heap above 4GB virtual address.
# This output file may be truncated or incomplete.
#
#  Out of Memory Error (allocation.cpp:389), pid=10260, tid=0x0000000000002cfc
#
# JRE version: OpenJDK Runtime Environment (8.0_242-b01) (build 1.8.0_242-release-1644-b01)
# Java VM: OpenJDK 64-Bit Server VM (25.242-b01 mixed mode windows-amd64 compressed oops)
# Failed to write core dump. Minidumps are not enabled by default on client versions of Windows
#

---------------  T H R E A D  ---------------

Current thread (0x0000000017e6d800):  JavaThread "C2 CompilerThread0" daemon [_thread_in_native, id=11516, stack(0x0000000019b00000,0x0000000019c00000)]

Stack: [0x0000000019b00000,0x0000000019c00000]
[error occurred during error reporting (printing stack bounds), id 0xc0000005]

Native frames: (J=compiled Java code, j=interpreted, Vv=VM code, C=native code)


Current CompileTask:
C2:   6648 8904       4       org.jetbrains.kotlin.resolve.calls.tower.TowerResolver$Task::run$processScope (243 bytes)


---------------  P R O C E S S  ---------------

Java Threads: ( => current thread )
  0x0000000019e75000 JavaThread "Service Thread" daemon [_thread_blocked, id=508, stack(0x000000001a200000,0x000000001a300000)]
  0x0000000017e75000 JavaThread "C1 CompilerThread2" daemon [_thread_blocked, id=8576, stack(0x0000000019d00000,0x0000000019e00000)]
  0x0000000017e71000 JavaThread "C2 CompilerThread1" daemon [_thread_in_native, id=908, stack(0x0000000019c00000,0x0000000019d00000)]
=>0x0000000017e6d800 JavaThread "C2 CompilerThread0" daemon [_thread_in_native, id=11516, stack(0x0000000019b00000,0x0000000019c00000)]
  0x0000000017e6a000 JavaThread "Attach Listener" daemon [_thread_blocked, id=1448, stack(0x0000000019a00000,0x0000000019b00000)]
  0x0000000017e68000 JavaThread "Signal Dispatcher" daemon [_thread_blocked, id=1200, stack(0x0000000019900000,0x0000000019a00000)]
  0x000000000307c800 JavaThread "Finalizer" daemon [_thread_blocked, id=7856, stack(0x00000000196d0000,0x00000000197d0000)]
  0x0000000003075800 JavaThread "Reference Handler" daemon [_thread_blocked, id=11912, stack(0x00000000195d0000,0x00000000196d0000)]
  0x0000000002f82800 JavaThread "main" [_thread_in_native, id=3268, stack(0x0000000002e80000,0x0000000002f80000)]

Other Threads:
  0x0000000017e28000 VMThread [stack: 0x00000000194d0000,0x00000000195d0000] [id=6072]
  0x0000000019e77800 WatcherThread [stack: 0x000000001a300000,0x000000001a400000] [id=9016]

VM state:not at safepoint (normal execution)

VM Mutex/Monitor currently owned by a thread: None

heap address: 0x0000000080e00000, size: 2034 MB, Compressed Oops mode: 32-bit
Narrow klass base: 0x0000000000000000, Narrow klass shift: 3
Compressed class space size: 1073741824 Address: 0x0000000100000000

Heap:
 PSYoungGen      total 138240K, used 18436K [0x00000000d5a00000, 0x00000000e0a00000, 0x0000000100000000)
  eden space 133120K, 10% used [0x00000000d5a00000,0x00000000d6709388,0x00000000ddc00000)
  from space 5120K, 99% used [0x00000000ddc00000,0x00000000de0f8010,0x00000000de100000)
  to   space 22016K, 0% used [0x00000000df480000,0x00000000df480000,0x00000000e0a00000)
 ParOldGen       total 130048K, used 68441K [0x0000000080e00000, 0x0000000088d00000, 0x00000000d5a00000)
  object space 130048K, 52% used [0x0000000080e00000,0x00000000850d6750,0x0000000088d00000)
 Metaspace       used 55848K, capacity 56792K, committed 57216K, reserved 1099776K
  class space    used 6450K, capacity 6684K, committed 6784K, reserved 1048576K

Card table byte_map: [0x0000000012440000,0x0000000012840000] byte_map_base: 0x0000000012039000

Marking Bits: (ParMarkBitMap*) 0x0000000073c2f030
 Begin Bits: [0x00000000130f0000, 0x00000000150b8000)
 End Bits:   [0x00000000150b8000, 0x0000000017080000)

Polling page: 0x0000000001180000

CodeCache: size=245760Kb used=36837Kb max_used=36837Kb free=208922Kb
 bounds [0x0000000003080000, 0x00000000054a0000, 0x0000000012080000]
 total_blobs=8978 nmethods=8444 adapters=442
 compilation: enabled

Compilation events (10 events):
Event: 6.597 Thread 0x0000000017e75000 9562       3       org.jetbrains.kotlin.codegen.binding.CodegenAnnotatingVisitor::recordSamValuesForOldInference (134 bytes)
Event: 6.597 Thread 0x0000000017e75000 nmethod 9562 0x0000000005489d90 code [0x000000000548a040, 0x000000000548b108]
Event: 6.597 Thread 0x0000000017e75000 9564       3       org.jetbrains.kotlin.codegen.binding.CodegenAnnotatingVisitor::visitCallExpression (30 bytes)
Event: 6.598 Thread 0x0000000017e75000 nmethod 9564 0x000000000548b890 code [0x000000000548bac0, 0x000000000548c518]
Event: 6.598 Thread 0x0000000017e75000 9565       3       org.jetbrains.kotlin.codegen.binding.CodegenAnnotatingVisitor::checkCrossinlineCall (258 bytes)
Event: 6.599 Thread 0x0000000017e75000 nmethod 9565 0x000000000548cad0 code [0x000000000548cfa0, 0x00000000054903e8]
Event: 6.599 Thread 0x0000000017e75000 9566       3       org.jetbrains.kotlin.com.intellij.util.containers.Stack::empty (5 bytes)
Event: 6.599 Thread 0x0000000017e75000 nmethod 9566 0x0000000005492110 code [0x0000000005492280, 0x0000000005492510]
Event: 6.599 Thread 0x0000000017e75000 9548       3       org.jetbrains.kotlin.psi.KtVisitorVoid::visitThisExpression (17 bytes)
Event: 6.600 Thread 0x0000000017e75000 nmethod 9548 0x00000000054925d0 code [0x00000000054927c0, 0x0000000005493078]

GC Heap History (10 events):
Event: 1.884 GC heap before
{Heap before GC invocations=5 (full 1):
 PSYoungGen      total 71680K, used 66560K [0x00000000d5a00000, 0x00000000de600000, 0x0000000100000000)
  eden space 66560K, 100% used [0x00000000d5a00000,0x00000000d9b00000,0x00000000d9b00000)
  from space 5120K, 0% used [0x00000000d9b00000,0x00000000d9b00000,0x00000000da000000)
  to   space 5120K, 0% used [0x00000000de100000,0x00000000de100000,0x00000000de600000)
 ParOldGen       total 92160K, used 22082K [0x0000000080e00000, 0x0000000086800000, 0x00000000d5a00000)
  object space 92160K, 23% used [0x0000000080e00000,0x0000000082390a68,0x0000000086800000)
 Metaspace       used 29922K, capacity 30388K, committed 30592K, reserved 1075200K
  class space    used 3755K, capacity 3918K, committed 3968K, reserved 1048576K
Event: 1.895 GC heap after
Heap after GC invocations=5 (full 1):
 PSYoungGen      total 99840K, used 5110K [0x00000000d5a00000, 0x00000000de600000, 0x0000000100000000)
  eden space 94720K, 0% used [0x00000000d5a00000,0x00000000d5a00000,0x00000000db680000)
  from space 5120K, 99% used [0x00000000de100000,0x00000000de5fd880,0x00000000de600000)
  to   space 5120K, 0% used [0x00000000ddc00000,0x00000000ddc00000,0x00000000de100000)
 ParOldGen       total 92160K, used 32820K [0x0000000080e00000, 0x0000000086800000, 0x00000000d5a00000)
  object space 92160K, 35% used [0x0000000080e00000,0x0000000082e0d0e0,0x0000000086800000)
 Metaspace       used 29922K, capacity 30388K, committed 30592K, reserved 1075200K
  class space    used 3755K, capacity 3918K, committed 3968K, reserved 1048576K
}
Event: 2.141 GC heap before
{Heap before GC invocations=6 (full 1):
 PSYoungGen      total 99840K, used 31610K [0x00000000d5a00000, 0x00000000de600000, 0x0000000100000000)
  eden space 94720K, 27% used [0x00000000d5a00000,0x00000000d73e1368,0x00000000db680000)
  from space 5120K, 99% used [0x00000000de100000,0x00000000de5fd880,0x00000000de600000)
  to   space 5120K, 0% used [0x00000000ddc00000,0x00000000ddc00000,0x00000000de100000)
 ParOldGen       total 92160K, used 32820K [0x0000000080e00000, 0x0000000086800000, 0x00000000d5a00000)
  object space 92160K, 35% used [0x0000000080e00000,0x0000000082e0d0e0,0x0000000086800000)
 Metaspace       used 34652K, capacity 35114K, committed 35416K, reserved 1081344K
  class space    used 4371K, capacity 4530K, committed 4608K, reserved 1048576K
Event: 2.149 GC heap after
Heap after GC invocations=6 (full 1):
 PSYoungGen      total 138240K, used 5091K [0x00000000d5a00000, 0x00000000e0a00000, 0x0000000100000000)
  eden space 133120K, 0% used [0x00000000d5a00000,0x00000000d5a00000,0x00000000ddc00000)
  from space 5120K, 99% used [0x00000000ddc00000,0x00000000de0f8c60,0x00000000de100000)
  to   space 22016K, 0% used [0x00000000df480000,0x00000000df480000,0x00000000e0a00000)
 ParOldGen       total 92160K, used 39779K [0x0000000080e00000, 0x0000000086800000, 0x00000000d5a00000)
  object space 92160K, 43% used [0x0000000080e00000,0x00000000834d8e68,0x0000000086800000)
 Metaspace       used 34652K, capacity 35114K, committed 35416K, reserved 1081344K
  class space    used 4371K, capacity 4530K, committed 4608K, reserved 1048576K
}
Event: 2.149 GC heap before
{Heap before GC invocations=7 (full 2):
 PSYoungGen      total 138240K, used 5091K [0x00000000d5a00000, 0x00000000e0a00000, 0x0000000100000000)
  eden space 133120K, 0% used [0x00000000d5a00000,0x00000000d5a00000,0x00000000ddc00000)
  from space 5120K, 99% used [0x00000000ddc00000,0x00000000de0f8c60,0x00000000de100000)
  to   space 22016K, 0% used [0x00000000df480000,0x00000000df480000,0x00000000e0a00000)
 ParOldGen       total 92160K, used 39779K [0x0000000080e00000, 0x0000000086800000, 0x00000000d5a00000)
  object space 92160K, 43% used [0x0000000080e00000,0x00000000834d8e68,0x0000000086800000)
 Metaspace       used 34652K, capacity 35114K, committed 35416K, reserved 1081344K
  class space    used 4371K, capacity 4530K, committed 4608K, reserved 1048576K
Event: 2.182 GC heap after
Heap after GC invocations=7 (full 2):
 PSYoungGen      total 138240K, used 0K [0x00000000d5a00000, 0x00000000e0a00000, 0x0000000100000000)
  eden space 133120K, 0% used [0x00000000d5a00000,0x00000000d5a00000,0x00000000ddc00000)
  from space 5120K, 0% used [0x00000000ddc00000,0x00000000ddc00000,0x00000000de100000)
  to   space 22016K, 0% used [0x00000000df480000,0x00000000df480000,0x00000000e0a00000)
 ParOldGen       total 130048K, used 32817K [0x0000000080e00000, 0x0000000088d00000, 0x00000000d5a00000)
  object space 130048K, 25% used [0x0000000080e00000,0x0000000082e0c638,0x0000000088d00000)
 Metaspace       used 34652K, capacity 35114K, committed 35416K, reserved 1081344K
  class space    used 4371K, capacity 4530K, committed 4608K, reserved 1048576K
}
Event: 3.515 GC heap before
{Heap before GC invocations=8 (full 2):
 PSYoungGen      total 138240K, used 133120K [0x00000000d5a00000, 0x00000000e0a00000, 0x0000000100000000)
  eden space 133120K, 100% used [0x00000000d5a00000,0x00000000ddc00000,0x00000000ddc00000)
  from space 5120K, 0% used [0x00000000ddc00000,0x00000000ddc00000,0x00000000de100000)
  to   space 22016K, 0% used [0x00000000df480000,0x00000000df480000,0x00000000e0a00000)
 ParOldGen       total 130048K, used 32817K [0x0000000080e00000, 0x0000000088d00000, 0x00000000d5a00000)
  object space 130048K, 25% used [0x0000000080e00000,0x0000000082e0c638,0x0000000088d00000)
 Metaspace       used 43261K, capacity 43978K, committed 44288K, reserved 1087488K
  class space    used 5168K, capacity 5371K, committed 5376K, reserved 1048576K
Event: 3.534 GC heap after
Heap after GC invocations=8 (full 2):
 PSYoungGen      total 155136K, used 21997K [0x00000000d5a00000, 0x00000000e0a00000, 0x0000000100000000)
  eden space 133120K, 0% used [0x00000000d5a00000,0x00000000d5a00000,0x00000000ddc00000)
  from space 22016K, 99% used [0x00000000df480000,0x00000000e09fb588,0x00000000e0a00000)
  to   space 5120K, 0% used [0x00000000ddc00000,0x00000000ddc00000,0x00000000de100000)
 ParOldGen       total 130048K, used 36745K [0x0000000080e00000, 0x0000000088d00000, 0x00000000d5a00000)
  object space 130048K, 28% used [0x0000000080e00000,0x00000000831e2710,0x0000000088d00000)
 Metaspace       used 43261K, capacity 43978K, committed 44288K, reserved 1087488K
  class space    used 5168K, capacity 5371K, committed 5376K, reserved 1048576K
}
Event: 6.445 GC heap before
{Heap before GC invocations=9 (full 2):
 PSYoungGen      total 155136K, used 155117K [0x00000000d5a00000, 0x00000000e0a00000, 0x0000000100000000)
  eden space 133120K, 100% used [0x00000000d5a00000,0x00000000ddc00000,0x00000000ddc00000)
  from space 22016K, 99% used [0x00000000df480000,0x00000000e09fb588,0x00000000e0a00000)
  to   space 5120K, 0% used [0x00000000ddc00000,0x00000000ddc00000,0x00000000de100000)
 ParOldGen       total 130048K, used 36745K [0x0000000080e00000, 0x0000000088d00000, 0x00000000d5a00000)
  object space 130048K, 28% used [0x0000000080e00000,0x00000000831e2710,0x0000000088d00000)
 Metaspace       used 53597K, capacity 54500K, committed 54912K, reserved 1097728K
  class space    used 6200K, capacity 6408K, committed 6528K, reserved 1048576K
Event: 6.473 GC heap after
Heap after GC invocations=9 (full 2):
 PSYoungGen      total 138240K, used 5088K [0x00000000d5a00000, 0x00000000e0a00000, 0x0000000100000000)
  eden space 133120K, 0% used [0x00000000d5a00000,0x00000000d5a00000,0x00000000ddc00000)
  from space 5120K, 99% used [0x00000000ddc00000,0x00000000de0f8010,0x00000000de100000)
  to   space 22016K, 0% used [0x00000000df480000,0x00000000df480000,0x00000000e0a00000)
 ParOldGen       total 130048K, used 68441K [0x0000000080e00000, 0x0000000088d00000, 0x00000000d5a00000)
  object space 130048K, 52% used [0x0000000080e00000,0x00000000850d6750,0x0000000088d00000)
 Metaspace       used 53597K, capacity 54500K, committed 54912K, reserved 1097728K
  class space    used 6200K, capacity 6408K, committed 6528K, reserved 1048576K
}

Deoptimization events (10 events):
Event: 6.418 Thread 0x0000000002f82800 Uncommon trap: reason=class_check action=maybe_recompile pc=0x00000000050487e4 method=org.jetbrains.kotlin.com.intellij.psi.impl.source.tree.SharedImplUtil.getFirstChild(Lorg/jetbrains/kotlin/com/intellij/lang/ASTNode;)Lorg/jetbrains/kotlin/com/intellij/p
Event: 6.423 Thread 0x0000000002f82800 Uncommon trap: reason=class_check action=maybe_recompile pc=0x00000000050487e4 method=org.jetbrains.kotlin.com.intellij.psi.impl.source.tree.SharedImplUtil.getFirstChild(Lorg/jetbrains/kotlin/com/intellij/lang/ASTNode;)Lorg/jetbrains/kotlin/com/intellij/p
Event: 6.503 Thread 0x0000000002f82800 Uncommon trap: reason=unstable_if action=reinterpret pc=0x00000000032280bc method=java.lang.StringBuffer.toString()Ljava/lang/String; @ 4
Event: 6.519 Thread 0x0000000002f82800 Uncommon trap: reason=unstable_if action=reinterpret pc=0x0000000003c7fd34 method=gnu.trove.TIntArrayList.ensureCapacity(I)V @ 4
Event: 6.555 Thread 0x0000000002f82800 Uncommon trap: reason=unstable_if action=reinterpret pc=0x0000000004f23978 method=org.jetbrains.kotlin.name.FqNameUnsafe.toSafe()Lorg/jetbrains/kotlin/name/FqName; @ 4
Event: 6.587 Thread 0x0000000002f82800 Uncommon trap: reason=bimorphic action=maybe_recompile pc=0x00000000042beee4 method=org.jetbrains.kotlin.storage.LockBasedStorageManager$LockBasedLazyValue.invoke()Ljava/lang/Object; @ 24
Event: 6.627 Thread 0x0000000002f82800 Uncommon trap: reason=class_check action=maybe_recompile pc=0x0000000003ee6aa0 method=java.util.regex.Matcher.search(I)Z @ 86
Event: 6.628 Thread 0x0000000002f82800 Uncommon trap: reason=class_check action=maybe_recompile pc=0x0000000003ee6aa0 method=java.util.regex.Matcher.search(I)Z @ 86
Event: 6.628 Thread 0x0000000002f82800 Uncommon trap: reason=class_check action=maybe_recompile pc=0x0000000003ee6aa0 method=java.util.regex.Matcher.search(I)Z @ 86
Event: 6.628 Thread 0x0000000002f82800 Uncommon trap: reason=class_check action=maybe_recompile pc=0x0000000003ee6aa0 method=java.util.regex.Matcher.search(I)Z @ 86

Classes redefined (0 events):
No events

Internal exceptions (10 events):
Event: 3.748 Thread 0x0000000002f82800 Implicit null exception at 0x00000000037453a9 to 0x000000000374620d
Event: 3.748 Thread 0x0000000002f82800 Implicit null exception at 0x00000000034971fb to 0x00000000034977cd
Event: 3.751 Thread 0x0000000002f82800 Implicit null exception at 0x000000000334796f to 0x00000000033479d9
Event: 3.822 Thread 0x0000000002f82800 Implicit null exception at 0x00000000041d79cc to 0x00000000041d7a11
Event: 3.922 Thread 0x0000000002f82800 Implicit null exception at 0x000000000328ef56 to 0x000000000328f2e5
Event: 4.542 Thread 0x0000000002f82800 Exception <a 'java/lang/IncompatibleClassChangeError': Found class java.lang.Object, but interface was expected> (0x00000000d889b7e8) thrown at [C:\src\AOSP-openjdk-git\hotspot\src\share\vm\interpreter\linkResolver.cpp, line 653]
Event: 4.874 Thread 0x0000000002f82800 Implicit null exception at 0x000000000412e0be to 0x000000000412eb2d
Event: 5.415 Thread 0x0000000002f82800 Implicit null exception at 0x0000000004dbc670 to 0x0000000004dbc6d5
Event: 6.258 Thread 0x0000000002f82800 Implicit null exception at 0x00000000032d6a55 to 0x00000000032d6c25
Event: 6.519 Thread 0x0000000002f82800 Implicit null exception at 0x0000000003c7fb54 to 0x0000000003c7fd24

Events (10 events):
Event: 6.645 loading class org/jetbrains/kotlin/serialization/DescriptorSerializer$Companion
Event: 6.645 loading class org/jetbrains/kotlin/serialization/DescriptorSerializer$Companion done
Event: 6.646 loading class org/jetbrains/kotlin/metadata/serialization/Interner
Event: 6.646 loading class org/jetbrains/kotlin/metadata/serialization/Interner done
Event: 6.646 loading class org/jetbrains/kotlin/metadata/serialization/MutableTypeTable
Event: 6.646 loading class org/jetbrains/kotlin/metadata/serialization/MutableTypeTable done
Event: 6.646 loading class org/jetbrains/kotlin/serialization/ContractSerializer
Event: 6.646 loading class org/jetbrains/kotlin/serialization/ContractSerializer done
Event: 6.646 loading class org/jetbrains/kotlin/codegen/ConstructorCodegen
Event: 6.646 loading class org/jetbrains/kotlin/codegen/ConstructorCodegen done


Dynamic libraries:
0x00007ff708010000 - 0x00007ff708041000 	C:\Program Files\Android\Android Studio\jre\jre\bin\java.exe
0x00007ffc19ff0000 - 0x00007ffc1a1e6000 	C:\WINDOWS\SYSTEM32\ntdll.dll
0x00007ffc18830000 - 0x00007ffc188ed000 	C:\WINDOWS\System32\KERNEL32.DLL
0x00007ffc17940000 - 0x00007ffc17c09000 	C:\WINDOWS\System32\KERNELBASE.dll
0x00007ffc18ef0000 - 0x00007ffc18f9c000 	C:\WINDOWS\System32\ADVAPI32.dll
0x00007ffc18fa0000 - 0x00007ffc1903e000 	C:\WINDOWS\System32\msvcrt.dll
0x00007ffc19040000 - 0x00007ffc190dc000 	C:\WINDOWS\System32\sechost.dll
0x00007ffc193e0000 - 0x00007ffc1950b000 	C:\WINDOWS\System32\RPCRT4.dll
0x00007ffc185c0000 - 0x00007ffc18760000 	C:\WINDOWS\System32\USER32.dll
0x00007ffc17c90000 - 0x00007ffc17cb2000 	C:\WINDOWS\System32\win32u.dll
0x00007ffc19200000 - 0x00007ffc1922a000 	C:\WINDOWS\System32\GDI32.dll
0x00007ffc17730000 - 0x00007ffc1783b000 	C:\WINDOWS\System32\gdi32full.dll
0x00007ffc17cf0000 - 0x00007ffc17d8d000 	C:\WINDOWS\System32\msvcp_win.dll
0x00007ffc17df0000 - 0x00007ffc17ef0000 	C:\WINDOWS\System32\ucrtbase.dll
0x00007ffc06430000 - 0x00007ffc066cb000 	C:\WINDOWS\WinSxS\amd64_microsoft.windows.common-controls_6595b64144ccf1df_6.0.19041.746_none_ca02b4b61b8320a4\COMCTL32.dll
0x00007ffc18de0000 - 0x00007ffc18e10000 	C:\WINDOWS\System32\IMM32.DLL
0x00000000732a0000 - 0x0000000073372000 	C:\Program Files\Android\Android Studio\jre\jre\bin\msvcr100.dll
0x0000000073460000 - 0x0000000073cab000 	C:\Program Files\Android\Android Studio\jre\jre\bin\server\jvm.dll
0x00007ffc19f40000 - 0x00007ffc19f48000 	C:\WINDOWS\System32\PSAPI.DLL
0x00007ffc14f50000 - 0x00007ffc14f59000 	C:\WINDOWS\SYSTEM32\WSOCK32.dll
0x00007ffc09540000 - 0x00007ffc09567000 	C:\WINDOWS\SYSTEM32\WINMM.dll
0x00007ffc11ba0000 - 0x00007ffc11baa000 	C:\WINDOWS\SYSTEM32\VERSION.dll
0x00007ffc188f0000 - 0x00007ffc1895b000 	C:\WINDOWS\System32\WS2_32.dll
0x00007ffc13290000 - 0x00007ffc1329f000 	C:\Program Files\Android\Android Studio\jre\jre\bin\verify.dll
0x00007ffc0e2c0000 - 0x00007ffc0e2e9000 	C:\Program Files\Android\Android Studio\jre\jre\bin\java.dll
0x00007ffc0e2a0000 - 0x00007ffc0e2b6000 	C:\Program Files\Android\Android Studio\jre\jre\bin\zip.dll
0x00007ffc19520000 - 0x00007ffc19c62000 	C:\WINDOWS\System32\SHELL32.dll
0x00007ffc15850000 - 0x00007ffc15fe0000 	C:\WINDOWS\SYSTEM32\windows.storage.dll
0x00007ffc18260000 - 0x00007ffc185b6000 	C:\WINDOWS\System32\combase.dll
0x00007ffc17190000 - 0x00007ffc171bc000 	C:\WINDOWS\SYSTEM32\Wldp.dll
0x00007ffc19c70000 - 0x00007ffc19d1e000 	C:\WINDOWS\System32\SHCORE.dll
0x00007ffc19f50000 - 0x00007ffc19fa5000 	C:\WINDOWS\System32\shlwapi.dll
0x00007ffc17660000 - 0x00007ffc17686000 	C:\WINDOWS\SYSTEM32\profapi.dll
0x00007ffc0dde0000 - 0x00007ffc0ddfa000 	C:\Program Files\Android\Android Studio\jre\jre\bin\net.dll
0x00007ffc16f10000 - 0x00007ffc16f7a000 	C:\WINDOWS\system32\mswsock.dll
0x00007ffc0d4b0000 - 0x00007ffc0d4c3000 	C:\Program Files\Android\Android Studio\jre\jre\bin\nio.dll

VM Arguments:
java_command: org.jetbrains.kotlin.cli.jvm.K2JVMCompiler @D:\Documents\GitHub\AqualalaV2\Appli\app\build\20210218_1147909220731342045.compiler.options
java_class_path (initial): C:\Users\Utilisateur\.gradle\caches\modules-2\files-2.1\org.jetbrains.kotlin\kotlin-compiler-embeddable\1.4.30\320bc62a2dfa19a24bc1613894ae0eabc909052c\kotlin-compiler-embeddable-1.4.30.jar;C:\Users\Utilisateur\.gradle\caches\modules-2\files-2.1\org.jetbrains.kotlin\kotlin-reflect\1.4.30\a9116fbe28a0514671787df95133f28e65fdac25\kotlin-reflect-1.4.30.jar;C:\Users\Utilisateur\.gradle\caches\modules-2\files-2.1\org.jetbrains.kotlin\kotlin-stdlib\1.4.30\d10d1e10f47006ee08162dde039e38ac487de4ac\kotlin-stdlib-1.4.30.jar;C:\Users\Utilisateur\.gradle\caches\modules-2\files-2.1\org.jetbrains.kotlin\kotlin-script-runtime\1.4.30\b9c2a1fab9217623fc0fbadf6190e77eed6f054d\kotlin-script-runtime-1.4.30.jar;C:\Users\Utilisateur\.gradle\caches\modules-2\files-2.1\org.jetbrains.kotlin\kotlin-daemon-embeddable\1.4.30\bc024798c5378570ded42ffe3db82ca8ac86dabc\kotlin-daemon-embeddable-1.4.30.jar;C:\Users\Utilisateur\.gradle\caches\modules-2\files-2.1\org.jetbrains.intellij.deps\trove4j\1.0.20181211\216c2e14b070f334479d800987affe4054cd563f\trove4j-1.0.20181211.jar;C:\Users\Utilisateur\.gradle\caches\modules-2\files-2.1\org.jetbrains.kotlin\kotlin-stdlib-common\1.4.30\bb9a3173350f55732416ee27956ea8f9b81f4dbb\kotlin-stdlib-common-1.4.30.jar;C:\Users\Utilisateur\.gradle\caches\modules-2\files-2.1\org.jetbrains\annotations\13.0\919f0dfe192fb4e063e7dacadee7f8bb9a2672a9\annotations-13.0.jar;C:\Program Files\Android\Android Studio\jre\lib\tools.jar
Launcher Type: SUN_STANDARD

Environment Variables:
PATH=C:\Program Files\Common Files\Oracle\Java\javapath;C:\Program Files (x86)\Intel\Intel(R) Management Engine Components\iCLS\;C:\Program Files\Intel\Intel(R) Management Engine Components\iCLS\;C:\Windows\system32;C:\Windows;C:\Windows\System32\Wbem;C:\Windows\System32\WindowsPowerShell\v1.0\;C:\Windows\System32\OpenSSH\;C:\Program Files (x86)\Intel\Intel(R) Management Engine Components\DAL;C:\Program Files\Intel\Intel(R) Management Engine Components\DAL;C:\Program Files (x86)\Intel\Intel(R) Management Engine Components\IPT;C:\Program Files\Intel\Intel(R) Management Engine Components\IPT;C:\Program Files (x86)\NVIDIA Corporation\PhysX\Common;C:\WINDOWS\system32;C:\WINDOWS;C:\WINDOWS\System32\Wbem;C:\WINDOWS\System32\WindowsPowerShell\v1.0\;C:\WINDOWS\System32\OpenSSH\;C:\Program Files\Microsoft VS Code\bin;C:\MinGW\bin;C:\Program Files\nodejs\;C:\Users\Utilisateur\.cargo\bin;C:\Users\Utilisateur\AppData\Local\Microsoft\WindowsApps;C:\Users\Utilisateur\AppData\Roaming\npm;C:\Users\Utilisateur\AppData\Local\GitHubDesktop\bin
USERNAME=Utilisateur
OS=Windows_NT
PROCESSOR_IDENTIFIER=Intel64 Family 6 Model 158 Stepping 10, GenuineIntel



---------------  S Y S T E M  ---------------

OS: Windows 10.0 , 64 bit Build 19041 (10.0.19041.804)

CPU:total 6 (initial active 6) (6 cores per cpu, 1 threads per core) family 6 model 158 stepping 10, cmov, cx8, fxsr, mmx, sse, sse2, sse3, ssse3, sse4.1, sse4.2, popcnt, avx, avx2, aes, clmul, erms, 3dnowpref, lzcnt, tsc, tscinvbit, bmi1, bmi2, adx

Memory: 4k page, physical 8323552k(439576k free), swap 12374496k(6056k free)

vm_info: OpenJDK 64-Bit Server VM (25.242-b01) for windows-amd64 JRE (1.8.0_242-release-1644-b01), built by "builder" with MS VC++ 10.0 (VS2010)

time: Thu Feb 18 22:05:33 2021
timezone: Paris, Madrid
elapsed time: 6 seconds (0d 0h 0m 6s)

